#
# There is insufficient memory for the Java Runtime Environment to continue.
# Native memory allocation (mmap) failed to map 201326592 bytes for Failed to commit area from 0x0000000741000000 to 0x000000074d000000 of length 201326592.
# Possible reasons:
#   The system is out of physical RAM or swap space
#   The process is running with CompressedOops enabled, and the Java Heap may be blocking the growth of the native heap
# Possible solutions:
#   Reduce memory load on the system
#   Increase physical memory or swap space
#   Check if swap backing store is full
#   Decrease Java heap size (-Xmx/-Xms)
#   Decrease number of Java threads
#   Decrease Java thread stack sizes (-Xss)
#   Set larger code cache with -XX:ReservedCodeCacheSize=
#   JVM is running with Zero Based Compressed Oops mode in which the Java heap is
#     placed in the first 32GB address space. The Java Heap base address is the
#     maximum limit for the native heap growth. Please use -XX:HeapBaseMinAddress
#     to set the Java Heap base and to place the Java Heap above 32GB virtual address.
# This output file may be truncated or incomplete.
#
#  Out of Memory Error (./open/src/hotspot/os/windows/os_windows.cpp:3315), pid=13048, tid=13716
#
# JRE version:  (14.0.2+12) (build )
# Java VM: Java HotSpot(TM) 64-Bit Server VM (14.0.2+12-46, mixed mode, sharing, tiered, compressed oops, g1 gc, windows-amd64)
# No core dump will be written. Minidumps are not enabled by default on client versions of Windows
#

---------------  S U M M A R Y ------------

Command Line: -javaagent:D:\IDE\IntelliJ IDEA 2020.2.2\lib\idea_rt.jar=49513:D:\IDE\IntelliJ IDEA 2020.2.2\bin -Dfile.encoding=UTF-8 lucrare2.demo.StructuredApplication

Host: Intel(R) Core(TM) i7-4510U CPU @ 2.00GHz, 4 cores, 11G,  Windows 10 , 64 bit Build 19041 (10.0.19041.292)
Time: Sun Oct  4 21:08:40 2020 Russia TZ 2 Standard Time elapsed time: 0 seconds (0d 0h 0m 0s)

---------------  T H R E A D  ---------------

Current thread (0x000001db71f73800):  JavaThread "Unknown thread" [_thread_in_vm, id=13716, stack(0x000000c99a400000,0x000000c99a500000)]

Stack: [0x000000c99a400000,0x000000c99a500000]
Native frames: (J=compiled Java code, j=interpreted, Vv=VM code, C=native code)
V  [jvm.dll+0x5f8a9a]
V  [jvm.dll+0x74247a]
V  [jvm.dll+0x743c2f]
V  [jvm.dll+0x744273]
V  [jvm.dll+0x20d288]
V  [jvm.dll+0x5f5dea]
V  [jvm.dll+0x5eac45]
V  [jvm.dll+0x2c7e9c]
V  [jvm.dll+0x2c7cd2]
V  [jvm.dll+0x2cdbbc]
V  [jvm.dll+0x313fe8]
V  [jvm.dll+0x313710]
V  [jvm.dll+0x2a092a]
V  [jvm.dll+0x2a1a79]
V  [jvm.dll+0x71fd48]
V  [jvm.dll+0x321c14]
V  [jvm.dll+0x70112c]
V  [jvm.dll+0x392def]
V  [jvm.dll+0x394e61]
C  [jli.dll+0x524b]
C  [ucrtbase.dll+0x214c2]
C  [KERNEL32.DLL+0x16fd4]
C  [ntdll.dll+0x4cec1]


---------------  P R O C E S S  ---------------

Threads class SMR info:
_java_thread_list=0x00007ffd8a983038, length=0, elements={
}

Java Threads: ( => current thread )

Other Threads:
  0x000001db71fca000 GCTaskThread "GC Thread#0" [stack: 0x000000c99a500000,0x000000c99a600000] [id=3480]
  0x000001db71fe3800 ConcurrentGCThread "G1 Main Marker" [stack: 0x000000c99a600000,0x000000c99a700000] [id=6232]
  0x000001db71fe4800 ConcurrentGCThread "G1 Conc#0" [stack: 0x000000c99a700000,0x000000c99a800000] [id=14916]

[error occurred during error reporting (printing all threads), id 0xc0000005, EXCEPTION_ACCESS_VIOLATION (0xc0000005) at pc=0x00007ffd8a1b1257]

VM state:not at safepoint (not fully initialized)

VM Mutex/Monitor currently owned by a thread:  ([mutex/lock_event])
[0x000001db71f6e9d0] Heap_lock - owner thread: 0x000001db71f73800

Heap address: 0x0000000741000000, size: 3056 MB, Compressed Oops mode: Zero based, Oop shift amount: 3
Narrow klass base: 0x0000000000000000, Narrow klass shift: 0

GC Heap History (0 events):
No events

Deoptimization events (0 events):
No events

Classes unloaded (0 events):
No events

Classes redefined (0 events):
No events

Internal exceptions (0 events):
No events

Events (2 events):
Event: 0.036 Loaded shared library D:\jdk\bin\java.dll
Event: 0.037 Loaded shared library D:\jdk\bin\zip.dll


Dynamic libraries:
0x00007ff68d8c0000 - 0x00007ff68d8cf000 	D:\jdk\bin\java.exe
0x00007ffdf7a70000 - 0x00007ffdf7c65000 	C:\WINDOWS\SYSTEM32\ntdll.dll
0x00007ffdf7560000 - 0x00007ffdf761d000 	C:\WINDOWS\System32\KERNEL32.DLL
0x00007ffdf5490000 - 0x00007ffdf5757000 	C:\WINDOWS\System32\KERNELBASE.dll
0x00007ffdf5a00000 - 0x00007ffdf5b00000 	C:\WINDOWS\System32\ucrtbase.dll
0x00007ffdced60000 - 0x00007ffdced78000 	D:\jdk\bin\jli.dll
0x00007ffdf72e0000 - 0x00007ffdf738a000 	C:\WINDOWS\System32\ADVAPI32.dll
0x00007ffdf7390000 - 0x00007ffdf742e000 	C:\WINDOWS\System32\msvcrt.dll
0x00007ffdf76f0000 - 0x00007ffdf778b000 	C:\WINDOWS\System32\sechost.dll
0x00007ffdf5b30000 - 0x00007ffdf5c54000 	C:\WINDOWS\System32\RPCRT4.dll
0x00007ffdd7f50000 - 0x00007ffdd7f65000 	D:\jdk\bin\VCRUNTIME140.dll
0x00007ffdf7140000 - 0x00007ffdf72e0000 	C:\WINDOWS\System32\USER32.dll
0x00007ffdf5b00000 - 0x00007ffdf5b22000 	C:\WINDOWS\System32\win32u.dll
0x00007ffdf7430000 - 0x00007ffdf745a000 	C:\WINDOWS\System32\GDI32.dll
0x00007ffdf58f0000 - 0x00007ffdf59f9000 	C:\WINDOWS\System32\gdi32full.dll
0x00007ffdf5260000 - 0x00007ffdf52fd000 	C:\WINDOWS\System32\msvcp_win.dll
0x00007ffde5c80000 - 0x00007ffde5f1b000 	C:\WINDOWS\WinSxS\amd64_microsoft.windows.common-controls_6595b64144ccf1df_6.0.19041.488_none_ca04af081b815d21\COMCTL32.dll
0x00007ffded810000 - 0x00007ffded81a000 	C:\WINDOWS\SYSTEM32\VERSION.dll
0x00007ffdf7a00000 - 0x00007ffdf7a30000 	C:\WINDOWS\System32\IMM32.DLL
0x00007ffda7690000 - 0x00007ffda772b000 	D:\jdk\bin\msvcp140.dll
0x00007ffd89f00000 - 0x00007ffd8aa1e000 	D:\jdk\bin\server\jvm.dll
0x00007ffdf5cf0000 - 0x00007ffdf5cf8000 	C:\WINDOWS\System32\PSAPI.DLL
0x00007ffdf0f60000 - 0x00007ffdf0f69000 	C:\WINDOWS\SYSTEM32\WSOCK32.dll
0x00007ffdf7460000 - 0x00007ffdf74cb000 	C:\WINDOWS\System32\WS2_32.dll
0x00007ffde6170000 - 0x00007ffde6197000 	C:\WINDOWS\SYSTEM32\WINMM.dll
0x00007ffdf3130000 - 0x00007ffdf3143000 	C:\WINDOWS\SYSTEM32\kernel.appcore.dll
0x00007ffdd7f40000 - 0x00007ffdd7f4a000 	D:\jdk\bin\jimage.dll
0x00007ffde2e20000 - 0x00007ffde3004000 	C:\WINDOWS\SYSTEM32\DBGHELP.DLL
0x00007ffde2c40000 - 0x00007ffde2c6c000 	C:\WINDOWS\SYSTEM32\dbgcore.DLL
0x00007ffdf5870000 - 0x00007ffdf58ef000 	C:\WINDOWS\System32\bcryptPrimitives.dll
0x00007ffdf0de0000 - 0x00007ffdf0dee000 	D:\jdk\bin\instrument.dll
0x00007ffdcde00000 - 0x00007ffdcde25000 	D:\jdk\bin\java.dll
0x00007ffdcdd10000 - 0x00007ffdcdd26000 	D:\jdk\bin\zip.dll

dbghelp: loaded successfully - version: 4.0.5 - missing functions: none
symbol engine: initialized successfully - sym options: 0x614 - pdb path: .;D:\jdk\bin;C:\WINDOWS\SYSTEM32;C:\WINDOWS\WinSxS\amd64_microsoft.windows.common-controls_6595b64144ccf1df_6.0.19041.488_none_ca04af081b815d21;D:\jdk\bin\server

VM Arguments:
jvm_args: -javaagent:D:\IDE\IntelliJ IDEA 2020.2.2\lib\idea_rt.jar=49513:D:\IDE\IntelliJ IDEA 2020.2.2\bin -Dfile.encoding=UTF-8 
java_command: lucrare2.demo.StructuredApplication
java_class_path (initial): D:\Spring.violina\target\classes;C:\Users\violina\.m2\repository\org\springframework\boot\spring-boot-starter-jdbc\2.2.1.RELEASE\spring-boot-starter-jdbc-2.2.1.RELEASE.jar;C:\Users\violina\.m2\repository\org\springframework\boot\spring-boot-starter\2.2.1.RELEASE\spring-boot-starter-2.2.1.RELEASE.jar;C:\Users\violina\.m2\repository\org\springframework\boot\spring-boot\2.2.1.RELEASE\spring-boot-2.2.1.RELEASE.jar;C:\Users\violina\.m2\repository\org\springframework\boot\spring-boot-autoconfigure\2.2.1.RELEASE\spring-boot-autoconfigure-2.2.1.RELEASE.jar;C:\Users\violina\.m2\repository\org\springframework\boot\spring-boot-starter-logging\2.2.1.RELEASE\spring-boot-starter-logging-2.2.1.RELEASE.jar;C:\Users\violina\.m2\repository\ch\qos\logback\logback-classic\1.2.3\logback-classic-1.2.3.jar;C:\Users\violina\.m2\repository\ch\qos\logback\logback-core\1.2.3\logback-core-1.2.3.jar;C:\Users\violina\.m2\repository\org\apache\logging\log4j\log4j-to-slf4j\2.12.1\log4j-to-slf4j-2.12.1.jar;C:\Users\violina\.m2\repository\org\apache\logging\log4j\log4j-api\2.12.1\log4j-api-2.12.1.jar;C:\Users\violina\.m2\repository\org\slf4j\jul-to-slf4j\1.7.29\jul-to-slf4j-1.7.29.jar;C:\Users\violina\.m2\repository\jakarta\annotation\jakarta.annotation-api\1.3.5\jakarta.annotation-api-1.3.5.jar;C:\Users\violina\.m2\repository\org\yaml\snakeyaml\1.25\snakeyaml-1.25.jar;C:\Users\violina\.m2\repository\com\zaxxer\HikariCP\3.4.1\HikariCP-3.4.1.jar;C:\Users\violina\.m2\repository\org\springframework\spring-jdbc\5.2.1.RELEASE\spring-jdbc-5.2.1.RELEASE.jar;C:\Users\violina\.m2\repository\org\springframework\spring-beans\5.2.1.RELEASE\spring-beans-5.2.1.RELEASE.jar;C:\Users\violina\.m2\repository\org\springframework\spring-tx\5.2.1.RELEASE\spring-tx-5.2.1.RELEASE.jar;C:\Users\violina\.m2\repository\org\springframework\boot\spring-boot-starter-web\2.2.1.RELEASE\spring-boot-starter-web-2.2.1.RELEASE.jar;C:\Users\violina\.m2\repository\org\springframework\boot\spring-boot-starter-
Launcher Type: SUN_STANDARD

[Global flags]
     intx CICompilerCount                          = 3                                         {product} {ergonomic}
     uint ConcGCThreads                            = 1                                         {product} {ergonomic}
     uint G1ConcRefinementThreads                  = 4                                         {product} {ergonomic}
   size_t G1HeapRegionSize                         = 1048576                                   {product} {ergonomic}
    uintx GCDrainStackTargetSize                   = 64                                        {product} {ergonomic}
   size_t InitialHeapSize                          = 201326592                                 {product} {ergonomic}
   size_t MarkStackSize                            = 4194304                                   {product} {ergonomic}
   size_t MaxHeapSize                              = 3204448256                                {product} {ergonomic}
   size_t MinHeapDeltaBytes                        = 1048576                                   {product} {ergonomic}
   size_t MinHeapSize                              = 8388608                                   {product} {ergonomic}
    uintx NonNMethodCodeHeapSize                   = 5832780                                {pd product} {ergonomic}
    uintx NonProfiledCodeHeapSize                  = 122912730                              {pd product} {ergonomic}
    uintx ProfiledCodeHeapSize                     = 122912730                              {pd product} {ergonomic}
    uintx ReservedCodeCacheSize                    = 251658240                              {pd product} {ergonomic}
     bool SegmentedCodeCache                       = true                                      {product} {ergonomic}
   size_t SoftMaxHeapSize                          = 3204448256                             {manageable} {ergonomic}
     bool UseCompressedClassPointers               = true                                 {lp64_product} {ergonomic}
     bool UseCompressedOops                        = true                                 {lp64_product} {ergonomic}
     bool UseG1GC                                  = true                                      {product} {ergonomic}
     bool UseLargePagesIndividualAllocation        = false                                  {pd product} {ergonomic}

Logging:
Log output configuration:
 #0: stdout all=warning uptime,level,tags
 #1: stderr all=off uptime,level,tags

Environment Variables:
JAVA_HOME=D:\jdk
PATH=C:\WINDOWS\system32;C:\WINDOWS;C:\WINDOWS\System32\Wbem;C:\WINDOWS\System32\WindowsPowerShell\v1.0\;C:\WINDOWS\System32\OpenSSH\;C:\Program Files\Docker\Docker\resources\bin;C:\ProgramData\DockerDesktop\version-bin;D:\jdk\bin;C:\Program Files (x86)\Microsoft SQL Server\140\Tools\Binn\;C:\Program Files\Microsoft SQL Server\140\Tools\Binn\;C:\Program Files (x86)\Microsoft SQL Server\140\DTS\Binn\;C:\Program Files\Microsoft SQL Server\140\DTS\Binn\;C:\Program Files\Microsoft SQL Server\Client SDK\ODBC\130\Tools\Binn\;C:\Program Files (x86)\Microsoft SQL Server\150\DTS\Binn\;D:\git\Git\cmd;C:\Users\violina\AppData\Local\Microsoft\WindowsApps;C:\ProgramData\violina\GitHubDesktop\bin;D:\IDE\IntelliJ IDEA Community Edition 2020.2.2\bin;;D:\IDE\IntelliJ IDEA 2020.2.2\bin;
USERNAME=violina
OS=Windows_NT
PROCESSOR_IDENTIFIER=Intel64 Family 6 Model 69 Stepping 1, GenuineIntel



---------------  S Y S T E M  ---------------

OS: Windows 10 , 64 bit Build 19041 (10.0.19041.292)
OS uptime: 0 days 4:58 hours
HyperV virtualization detected

CPU:total 4 (initial active 4) (2 cores per cpu, 2 threads per core) family 6 model 69 stepping 1, cmov, cx8, fxsr, mmx, sse, sse2, sse3, ssse3, sse4.1, sse4.2, popcnt, avx, avx2, aes, clmul, erms, lzcnt, ht, tsc, tscinvbit, bmi1, bmi2, fma

Memory: 4k page, system-wide physical 12222M (1696M free)
TotalPageFile size 14130M (AvailPageFile size 59M)
current process WorkingSet (physical memory assigned to process): 10M, peak: 10M
current process commit charge ("private bytes"): 52M, peak: 244M

vm_info: Java HotSpot(TM) 64-Bit Server VM (14.0.2+12-46) for windows-amd64 JRE (14.0.2+12-46), built on Jul  9 2020 00:35:52 by "mach5one" with MS VC++ 15.9 (VS2017)

END.
